<?xml version="1.0" encoding="UTF-8"?>
<coverage generated="1771908564046" clover="3.2.0">
  <project timestamp="1771908564046" name="All files">
    <metrics statements="19" coveredstatements="19" conditionals="16" coveredconditionals="16" methods="2" coveredmethods="2" elements="37" coveredelements="37" complexity="0" loc="19" ncloc="19" packages="1" files="1" classes="1"/>
    <file name="calculator.js" path="/home/runner/work/calculatorapp/calculatorapp/calculator.js">
      <metrics statements="19" coveredstatements="19" conditionals="16" coveredconditionals="16" methods="2" coveredmethods="2"/>
      <line num="11" count="53" type="cond" truecount="5" falsecount="0"/>
      <line num="23" count="24" type="cond" truecount="4" falsecount="0"/>
      <line num="24" count="7" type="stmt"/>
      <line num="30" count="17" type="stmt"/>
      <line num="31" count="17" type="stmt"/>
      <line num="34" count="17" type="cond" truecount="5" falsecount="0"/>
      <line num="36" count="4" type="stmt"/>
      <line num="37" count="4" type="stmt"/>
      <line num="39" count="3" type="stmt"/>
      <line num="40" count="3" type="stmt"/>
      <line num="42" count="4" type="stmt"/>
      <line num="43" count="4" type="stmt"/>
      <line num="45" count="5" type="cond" truecount="2" falsecount="0"/>
      <line num="46" count="2" type="stmt"/>
      <line num="51" count="3" type="stmt"/>
      <line num="52" count="3" type="stmt"/>
      <line num="54" count="1" type="stmt"/>
      <line num="60" count="14" type="stmt"/>
      <line num="66" count="2" type="stmt"/>
    </file>
  </project>
</coverage>
