{"/home/runner/work/calculatorapp/calculatorapp/calculator.js": {"path":"/home/runner/work/calculatorapp/calculatorapp/calculator.js","statementMap":{"0":{"start":{"line":11,"column":2},"end":{"line":11,"column":123}},"1":{"start":{"line":23,"column":2},"end":{"line":28,"column":3}},"2":{"start":{"line":24,"column":4},"end":{"line":27,"column":6}},"3":{"start":{"line":30,"column":13},"end":{"line":30,"column":29}},"4":{"start":{"line":31,"column":13},"end":{"line":31,"column":29}},"5":{"start":{"line":34,"column":2},"end":{"line":58,"column":3}},"6":{"start":{"line":36,"column":6},"end":{"line":36,"column":23}},"7":{"start":{"line":37,"column":6},"end":{"line":37,"column":12}},"8":{"start":{"line":39,"column":6},"end":{"line":39,"column":23}},"9":{"start":{"line":40,"column":6},"end":{"line":40,"column":12}},"10":{"start":{"line":42,"column":6},"end":{"line":42,"column":23}},"11":{"start":{"line":43,"column":6},"end":{"line":43,"column":12}},"12":{"start":{"line":45,"column":6},"end":{"line":50,"column":7}},"13":{"start":{"line":46,"column":8},"end":{"line":49,"column":10}},"14":{"start":{"line":51,"column":6},"end":{"line":51,"column":23}},"15":{"start":{"line":52,"column":6},"end":{"line":52,"column":12}},"16":{"start":{"line":54,"column":6},"end":{"line":57,"column":8}},"17":{"start":{"line":60,"column":2},"end":{"line":63,"column":4}},"18":{"start":{"line":66,"column":0},"end":{"line":69,"column":2}}},"fnMap":{"0":{"name":"isValidNumber","decl":{"start":{"line":10,"column":9},"end":{"line":10,"column":22}},"loc":{"start":{"line":10,"column":30},"end":{"line":12,"column":1}},"line":10},"1":{"name":"calculate","decl":{"start":{"line":21,"column":9},"end":{"line":21,"column":18}},"loc":{"start":{"line":21,"column":35},"end":{"line":64,"column":1}},"line":21}},"branchMap":{"0":{"loc":{"start":{"line":11,"column":9},"end":{"line":11,"column":122}},"type":"binary-expr","locations":[{"start":{"line":11,"column":9},"end":{"line":11,"column":21}},{"start":{"line":11,"column":25},"end":{"line":11,"column":39}},{"start":{"line":11,"column":43},"end":{"line":11,"column":62}},{"start":{"line":11,"column":66},"end":{"line":11,"column":91}},{"start":{"line":11,"column":95},"end":{"line":11,"column":122}}],"line":11},"1":{"loc":{"start":{"line":23,"column":2},"end":{"line":28,"column":3}},"type":"if","locations":[{"start":{"line":23,"column":2},"end":{"line":28,"column":3}},{"start":{},"end":{}}],"line":23},"2":{"loc":{"start":{"line":23,"column":6},"end":{"line":23,"column":50}},"type":"binary-expr","locations":[{"start":{"line":23,"column":6},"end":{"line":23,"column":26}},{"start":{"line":23,"column":30},"end":{"line":23,"column":50}}],"line":23},"3":{"loc":{"start":{"line":34,"column":2},"end":{"line":58,"column":3}},"type":"switch","locations":[{"start":{"line":35,"column":4},"end":{"line":37,"column":12}},{"start":{"line":38,"column":4},"end":{"line":40,"column":12}},{"start":{"line":41,"column":4},"end":{"line":43,"column":12}},{"start":{"line":44,"column":4},"end":{"line":52,"column":12}},{"start":{"line":53,"column":4},"end":{"line":57,"column":8}}],"line":34},"4":{"loc":{"start":{"line":45,"column":6},"end":{"line":50,"column":7}},"type":"if","locations":[{"start":{"line":45,"column":6},"end":{"line":50,"column":7}},{"start":{},"end":{}}],"line":45}},"s":{"0":53,"1":24,"2":7,"3":17,"4":17,"5":17,"6":4,"7":4,"8":3,"9":3,"10":4,"11":4,"12":5,"13":2,"14":3,"15":3,"16":1,"17":14,"18":2},"f":{"0":53,"1":24},"b":{"0":[53,48,47,46,41],"1":[7,17],"2":[24,20],"3":[4,3,4,5,1],"4":[2,3]},"_coverageSchema":"1a1c01bbd47fc00a2c39e90264f33305004495a9","hash":"1d25d3813dfd8a21db545d33025eb4eaad254e14"}
}
