TN:
SF:calculator.js
FN:10,isValidNumber
FN:21,calculate
FNF:2
FNH:2
FNDA:53,isValidNumber
FNDA:24,calculate
DA:11,53
DA:23,24
DA:24,7
DA:30,17
DA:31,17
DA:34,17
DA:36,4
DA:37,4
DA:39,3
DA:40,3
DA:42,4
DA:43,4
DA:45,5
DA:46,2
DA:51,3
DA:52,3
DA:54,1
DA:60,14
DA:66,2
LF:19
LH:19
BRDA:11,0,0,53
BRDA:11,0,1,48
BRDA:11,0,2,47
BRDA:11,0,3,46
BRDA:11,0,4,41
BRDA:23,1,0,7
BRDA:23,1,1,17
BRDA:23,2,0,24
BRDA:23,2,1,20
BRDA:34,3,0,4
BRDA:34,3,1,3
BRDA:34,3,2,4
BRDA:34,3,3,5
BRDA:34,3,4,1
BRDA:45,4,0,2
BRDA:45,4,1,3
BRF:16
BRH:16
end_of_record
